<?xml version="1.0" encoding="utf-8"?><testsuites name="pytest tests"><testsuite name="pytest" errors="0" failures="0" skipped="0" tests="12" time="18.464" timestamp="2026-04-22T11:13:45.539833+00:00" hostname="agent-env-9890b959-a474-4467-8817-66193557e5ad"><testcase classname="backend.tests.test_fake_news_api.TestBasic" name="test_root" time="0.127" /><testcase classname="backend.tests.test_fake_news_api.TestBasic" name="test_model_status" time="0.046" /><testcase classname="backend.tests.test_fake_news_api.TestTrending" name="test_trending_top" time="0.205" /><testcase classname="backend.tests.test_fake_news_api.TestTrending" name="test_trending_technology" time="0.703" /><testcase classname="backend.tests.test_fake_news_api.TestHistoryStatsBaseline" name="test_history_initial" time="0.051" /><testcase classname="backend.tests.test_fake_news_api.TestHistoryStatsBaseline" name="test_stats_initial" time="0.054" /><testcase classname="backend.tests.test_fake_news_api.TestAnalyze" name="test_analyze_invalid_url" time="0.048" /><testcase classname="backend.tests.test_fake_news_api.TestAnalyze" name="test_analyze_valid_url_and_persist" time="16.777" /><testcase classname="backend.tests.test_fake_news_api.TestAnalyze" name="test_history_sorted_desc" time="0.062" /><testcase classname="backend.tests.test_fake_news_api.TestDelete" name="test_delete_specific" time="0.099" /><testcase classname="backend.tests.test_fake_news_api.TestDelete" name="test_delete_nonexistent_returns_404" time="0.045" /><testcase classname="backend.tests.test_fake_news_api.TestDelete" name="test_clear_all_history" time="0.138" /></testsuite></testsuites>